<?xml version="1.0" encoding="UTF-8"?><testsuite errors="1" failures="0" name="Second story" skipped="0" tests="1" time="4.71" timestamp="2017-05-135 07:14:55"><testcase name="second scenario"><error message="invalid selector: Unable to locate an element with the xpath expression //div[@class='catalog-menu__list']/a[text(),'Наушники']')] because of the following error:&#10;SyntaxError: Failed to execute 'evaluate' on 'Document': The string '//div[@class='catalog-menu__list']/a[text(),'Наушники']')]' is not a valid XPath expression.&#10;  (Session info: chrome=57.0.2987.133)&#10;  (Driver info: chromedriver=2.29.461591 (62ebf098771772160f391d75e589dc567915b233),platform=Windows NT 6.3.9600 x86_64) (WARNING: The server did not provide any stacktrace information)&#10;Command duration or timeout: 22 milliseconds&#10;For documentation on this error, please visit: http://seleniumhq.org/exceptions/invalid_selector_exception.html&#10;Build info: version: '2.52.0', revision: '4c2593cfc3689a7fcd7be52549167e5ccc93ad28', time: '2016-02-11 11:22:43'&#10;System info: host: 'stroganov', ip: '192.168.56.1', os.name: 'Windows 8.1', os.arch: 'amd64', os.version: '6.3', java.version: '1.8.0_121'&#10;Driver info: org.openqa.selenium.remote.RemoteWebDriver&#10;Capabilities [{applicationCacheEnabled=false, rotatable=false, mobileEmulationEnabled=false, networkConnectionEnabled=false, chrome={chromedriverVersion=2.29.461591 (62ebf098771772160f391d75e589dc567915b233), userDataDir=C:\Users\B19A~1\AppData\Local\Temp\scoped_dir17488_18953}, takesHeapSnapshot=true, pageLoadStrategy=normal, databaseEnabled=false, handlesAlerts=true, hasTouchScreen=false, version=57.0.2987.133, platform=WIN8_1, browserConnectionEnabled=false, nativeEvents=true, acceptSslCerts=true, locationContextEnabled=true, webStorageEnabled=true, browserName=chrome, takesScreenshot=true, javascriptEnabled=true, cssSelectorsEnabled=true, unexpectedAlertBehaviour=}]&#10;Session ID: 1617fab700d62cf66db515d855951e69&#10;*** Element info: {Using=xpath, value=//div[@class='catalog-menu__list']/a[text(),'Наушники']')]}" type="org.openqa.selenium.InvalidSelectorException">invalid selector: Unable to locate an element with the xpath expression //div[@class='catalog-menu__list']/a[text(),'Наушники']')] because of the following error:
SyntaxError: Failed to execute 'evaluate' on 'Document': The string '//div[@class='catalog-menu__list']/a[text(),'Наушники']')]' is not a valid XPath expression.
  (Session info: chrome=57.0.2987.133)
  (Driver info: chromedriver=2.29.461591 (62ebf098771772160f391d75e589dc567915b233),platform=Windows NT 6.3.9600 x86_64) (WARNING: The server did not provide any stacktrace information)
Command duration or timeout: 22 milliseconds
For documentation on this error, please visit: http://seleniumhq.org/exceptions/invalid_selector_exception.html
Build info: version: '2.52.0', revision: '4c2593cfc3689a7fcd7be52549167e5ccc93ad28', time: '2016-02-11 11:22:43'
System info: host: 'stroganov', ip: '192.168.56.1', os.name: 'Windows 8.1', os.arch: 'amd64', os.version: '6.3', java.version: '1.8.0_121'
Driver info: org.openqa.selenium.remote.RemoteWebDriver
Capabilities [{applicationCacheEnabled=false, rotatable=false, mobileEmulationEnabled=false, networkConnectionEnabled=false, chrome={chromedriverVersion=2.29.461591 (62ebf098771772160f391d75e589dc567915b233), userDataDir=C:\Users\B19A~1\AppData\Local\Temp\scoped_dir17488_18953}, takesHeapSnapshot=true, pageLoadStrategy=normal, databaseEnabled=false, handlesAlerts=true, hasTouchScreen=false, version=57.0.2987.133, platform=WIN8_1, browserConnectionEnabled=false, nativeEvents=true, acceptSslCerts=true, locationContextEnabled=true, webStorageEnabled=true, browserName=chrome, takesScreenshot=true, javascriptEnabled=true, cssSelectorsEnabled=true, unexpectedAlertBehaviour=}]
Session ID: 1617fab700d62cf66db515d855951e69
*** Element info: {Using=xpath, value=//div[@class='catalog-menu__list']/a[text(),'Наушники']')]}</error><system-err>invalid selector: Unable to locate an element with the xpath expression //div[@class='catalog-menu__list']/a[text(),'Наушники']')] because of the following error:
SyntaxError: Failed to execute 'evaluate' on 'Document': The string '//div[@class='catalog-menu__list']/a[text(),'Наушники']')]' is not a valid XPath expression.
  (Session info: chrome=57.0.2987.133)
  (Driver info: chromedriver=2.29.461591 (62ebf098771772160f391d75e589dc567915b233),platform=Windows NT 6.3.9600 x86_64) (WARNING: The server did not provide any stacktrace information)
Command duration or timeout: 22 milliseconds
For documentation on this error, please visit: http://seleniumhq.org/exceptions/invalid_selector_exception.html
Build info: version: '2.52.0', revision: '4c2593cfc3689a7fcd7be52549167e5ccc93ad28', time: '2016-02-11 11:22:43'
System info: host: 'stroganov', ip: '192.168.56.1', os.name: 'Windows 8.1', os.arch: 'amd64', os.version: '6.3', java.version: '1.8.0_121'
Driver info: org.openqa.selenium.remote.RemoteWebDriver
Capabilities [{applicationCacheEnabled=false, rotatable=false, mobileEmulationEnabled=false, networkConnectionEnabled=false, chrome={chromedriverVersion=2.29.461591 (62ebf098771772160f391d75e589dc567915b233), userDataDir=C:\Users\B19A~1\AppData\Local\Temp\scoped_dir17488_18953}, takesHeapSnapshot=true, pageLoadStrategy=normal, databaseEnabled=false, handlesAlerts=true, hasTouchScreen=false, version=57.0.2987.133, platform=WIN8_1, browserConnectionEnabled=false, nativeEvents=true, acceptSslCerts=true, locationContextEnabled=true, webStorageEnabled=true, browserName=chrome, takesScreenshot=true, javascriptEnabled=true, cssSelectorsEnabled=true, unexpectedAlertBehaviour=}]
Session ID: 1617fab700d62cf66db515d855951e69
*** Element info: {Using=xpath, value=//div[@class='catalog-menu__list']/a[text(),'Наушники']')]}&#13;
ru.aplana.autotests.steps.MarketSteps.selectTV(MarketSteps.java:23)&#13;
ru.aplana.autotests.steps.ScenarioSteps.selectTV(ScenarioSteps.java:100)&#13;
com.google.common.util.concurrent.InterruptibleTask.run(InterruptibleTask.java:58)&#13;
com.google.common.util.concurrent.TrustedListenableFutureTask.run(TrustedListenableFutureTask.java:75)&#13;
com.google.common.util.concurrent.AbstractListeningExecutorService.submit(AbstractListeningExecutorService.java:66)&#13;
com.google.common.util.concurrent.AbstractListeningExecutorService.submit(AbstractListeningExecutorService.java:36)&#13;
org.apache.maven.plugin.DefaultBuildPluginManager.executeMojo(DefaultBuildPluginManager.java:134)&#13;
org.apache.maven.lifecycle.internal.MojoExecutor.execute(MojoExecutor.java:207)&#13;
org.apache.maven.lifecycle.internal.MojoExecutor.execute(MojoExecutor.java:153)&#13;
org.apache.maven.lifecycle.internal.MojoExecutor.execute(MojoExecutor.java:145)&#13;
org.apache.maven.lifecycle.internal.LifecycleModuleBuilder.buildProject(LifecycleModuleBuilder.java:116)&#13;
org.apache.maven.lifecycle.internal.LifecycleModuleBuilder.buildProject(LifecycleModuleBuilder.java:80)&#13;
org.apache.maven.lifecycle.internal.builder.singlethreaded.SingleThreadedBuilder.build(SingleThreadedBuilder.java:51)&#13;
org.apache.maven.lifecycle.internal.LifecycleStarter.execute(LifecycleStarter.java:128)&#13;
org.apache.maven.DefaultMaven.doExecute(DefaultMaven.java:307)&#13;
org.apache.maven.DefaultMaven.doExecute(DefaultMaven.java:193)&#13;
org.apache.maven.DefaultMaven.execute(DefaultMaven.java:106)&#13;
org.apache.maven.cli.MavenCli.execute(MavenCli.java:863)&#13;
org.apache.maven.cli.MavenCli.doMain(MavenCli.java:288)&#13;
org.apache.maven.cli.MavenCli.main(MavenCli.java:199)&#13;
org.codehaus.plexus.classworlds.launcher.Launcher.launchEnhanced(Launcher.java:289)&#13;
org.codehaus.plexus.classworlds.launcher.Launcher.launch(Launcher.java:229)&#13;
org.codehaus.plexus.classworlds.launcher.Launcher.mainWithExitCode(Launcher.java:415)&#13;
org.codehaus.plexus.classworlds.launcher.Launcher.main(Launcher.java:356)&#13;
org.codehaus.classworlds.Launcher.main(Launcher.java:47)&#13;
</system-err></testcase></testsuite>